# JRE version: OpenJDK Runtime Environment GraalVM CE 22.0.1+8.1 (22.0.1+8) (build 22.0.1+8-jvmci-b01)
# Java VM: OpenJDK 64-Bit Server VM GraalVM CE 22.0.1+8.1 (22.0.1+8-jvmci-b01, mixed mode, tiered, jvmci, jvmci compiler, compressed oops, compressed class ptrs, parallel gc, linux-amd64)
GC Precious Log:
 CardTable entry size: 512
 CPUs: 8 total, 8 available
 Memory: 7841M
 Large Page Support: Disabled
 NUMA Support: Disabled
 Compressed Oops: Enabled (Zero based)
 Alignments: Space 512K, Generation 512K, Heap 2M
 Heap Min Capacity: 8M
 Heap Initial Capacity: 124M
 Heap Max Capacity: 6666M
 Pre-touch: Disabled
 Parallel Workers: 8
Heap:
 PSYoungGen      total 36864K, used 10427K [0x0000000775200000, 0x0000000777b00000, 0x0000000800000000)
  eden space 31744K, 19% used [0x0000000775200000,0x000000077582c298,0x0000000777100000)
  from space 5120K, 80% used [0x0000000777100000,0x0000000777502ab0,0x0000000777600000)
  to   space 5120K, 99% used [0x0000000777600000,0x0000000777afaad0,0x0000000777b00000)
 ParOldGen       total 84992K, used 48K [0x000000065f600000, 0x0000000664900000, 0x0000000775200000)
  object space 84992K, 0% used [0x000000065f600000,0x000000065f60c000,0x0000000664900000)
 Metaspace       used 21278K, committed 21504K, reserved 1114112K
  class space    used 2442K, committed 2560K, reserved 1048576K
GC Heap History (3 events):
Event: 1.571 GC heap before
{Heap before GC invocations=1 (full 0):
 PSYoungGen      total 36864K, used 31744K [0x0000000775200000, 0x0000000777b00000, 0x0000000800000000)
  eden space 31744K, 100% used [0x0000000775200000,0x0000000777100000,0x0000000777100000)
  from space 5120K, 0% used [0x0000000777600000,0x0000000777600000,0x0000000777b00000)
  to   space 5120K, 0% used [0x0000000777100000,0x0000000777100000,0x0000000777600000)
 ParOldGen       total 84992K, used 0K [0x000000065f600000, 0x0000000664900000, 0x0000000775200000)
  object space 84992K, 0% used [0x000000065f600000,0x000000065f600000,0x0000000664900000)
 Metaspace       used 17688K, committed 17920K, reserved 1114112K
  class space    used 1957K, committed 2048K, reserved 1048576K
}
Event: 1.588 GC heap after
{Heap after GC invocations=1 (full 0):
 PSYoungGen      total 36864K, used 4106K [0x0000000775200000, 0x0000000777b00000, 0x0000000800000000)
  eden space 31744K, 0% used [0x0000000775200000,0x0000000775200000,0x0000000777100000)
  from space 5120K, 80% used [0x0000000777100000,0x0000000777502ab0,0x0000000777600000)
  to   space 5120K, 0% used [0x0000000777600000,0x0000000777600000,0x0000000777b00000)
 ParOldGen       total 84992K, used 8K [0x000000065f600000, 0x0000000664900000, 0x0000000775200000)
  object space 84992K, 0% used [0x000000065f600000,0x000000065f602000,0x0000000664900000)
 Metaspace       used 17688K, committed 17920K, reserved 1114112K
  class space    used 1957K, committed 2048K, reserved 1048576K
}
Event: 1.861 GC heap before
{Heap before GC invocations=2 (full 0):
 PSYoungGen      total 36864K, used 10427K [0x0000000775200000, 0x0000000777b00000, 0x0000000800000000)
  eden space 31744K, 19% used [0x0000000775200000,0x000000077582c298,0x0000000777100000)
  from space 5120K, 80% used [0x0000000777100000,0x0000000777502ab0,0x0000000777600000)
  to   space 5120K, 0% used [0x0000000777600000,0x0000000777600000,0x0000000777b00000)
 ParOldGen       total 84992K, used 8K [0x000000065f600000, 0x0000000664900000, 0x0000000775200000)
  object space 84992K, 0% used [0x000000065f600000,0x000000065f602000,0x0000000664900000)
 Metaspace       used 21278K, committed 21504K, reserved 1114112K
  class space    used 2442K, committed 2560K, reserved 1048576K
}

